

Microchip Technology PIC LITE Macro Assembler V1.33 build 59893 
                                                                                               Thu Feb 09 11:58:08 2023

Microchip Technology Omniscient Code Generator (Lite mode) build 59893
     1                           	processor	16F877A
     2                           	opt	pw 120
     3                           	opt	lm
     4                           	psect	maintext,global,class=CODE,split=1,delta=2
     5                           	psect	cinit,global,class=CODE,merge=1,delta=2
     6                           	psect	cstackCOMMON,global,class=COMMON,space=1,delta=1
     7                           	dabs	1,0x7E,2
     8  0000                     	;# 
     9  0001                     	;# 
    10  0002                     	;# 
    11  0003                     	;# 
    12  0004                     	;# 
    13  0005                     	;# 
    14  0006                     	;# 
    15  0007                     	;# 
    16  0008                     	;# 
    17  0009                     	;# 
    18  000A                     	;# 
    19  000B                     	;# 
    20  000C                     	;# 
    21  000D                     	;# 
    22  000E                     	;# 
    23  000E                     	;# 
    24  000F                     	;# 
    25  0010                     	;# 
    26  0011                     	;# 
    27  0012                     	;# 
    28  0013                     	;# 
    29  0014                     	;# 
    30  0015                     	;# 
    31  0015                     	;# 
    32  0016                     	;# 
    33  0017                     	;# 
    34  0018                     	;# 
    35  0019                     	;# 
    36  001A                     	;# 
    37  001B                     	;# 
    38  001B                     	;# 
    39  001C                     	;# 
    40  001D                     	;# 
    41  001E                     	;# 
    42  001F                     	;# 
    43  0081                     	;# 
    44  0085                     	;# 
    45  0086                     	;# 
    46  0087                     	;# 
    47  0088                     	;# 
    48  0089                     	;# 
    49  008C                     	;# 
    50  008D                     	;# 
    51  008E                     	;# 
    52  0091                     	;# 
    53  0092                     	;# 
    54  0093                     	;# 
    55  0094                     	;# 
    56  0098                     	;# 
    57  0099                     	;# 
    58  009C                     	;# 
    59  009D                     	;# 
    60  009E                     	;# 
    61  009F                     	;# 
    62  010C                     	;# 
    63  010D                     	;# 
    64  010E                     	;# 
    65  010F                     	;# 
    66  018C                     	;# 
    67  018D                     	;# 
    68  0006                     _PORTB	set	6
    69  0028                     _RA0	set	40
    70  0030                     _RB0	set	48
    71  009F                     _ADCON1	set	159
    72  009C                     _CMCON	set	156
    73  0085                     _TRISA	set	133
    74  0086                     _TRISB	set	134
    75                           
    76                           	psect	maintext
    77  0796                     __pmaintext:	
    78                           ; #config settings
    79                           
    80                           
    81                           ;psect for function _main
    82  0000                     
    83 ;;
    84 ;;Main: autosize = 0, tempsize = 0, incstack = 0, save=0
    85 ;;
    86 ;; *************** function _main *****************
    87 ;; Defined at:
    88 ;;		line 16 in file "Z:\3201\LE1\Lastre_Toral_LE1.c"
    89 ;; Parameters:    Size  Location     Type
    90 ;;		None
    91 ;; Auto vars:     Size  Location     Type
    92 ;;  i               2    0[COMMON] int 
    93 ;;  cnt             2    2[COMMON] int 
    94 ;; Return value:  Size  Location     Type
    95 ;;		None               void
    96 ;; Registers used:
    97 ;;		wreg, status,2, btemp+1
    98 ;; Tracked objects:
    99 ;;		On entry : 17F/0
   100 ;;		On exit  : 0/0
   101 ;;		Unchanged: 0/0
   102 ;; Data sizes:     COMMON   BANK0   BANK1   BANK3   BANK2
   103 ;;      Params:         0       0       0       0       0
   104 ;;      Locals:         4       0       0       0       0
   105 ;;      Temps:          0       0       0       0       0
   106 ;;      Totals:         4       0       0       0       0
   107 ;;Total ram usage:        4 bytes
   108 ;; This function calls:
   109 ;;		Nothing
   110 ;; This function is called by:
   111 ;;		Startup code after reset
   112 ;; This function uses a non-reentrant model
   113 ;;
   114  0796                     _main:	
   115                           
   116                           ;Lastre_Toral_LE1.c: 19: int cnt;
   117                           ;Lastre_Toral_LE1.c: 20: ADCON1 = 0x06;
   118                           
   119                           ;incstack = 0
   120                           ; Regs used in _main: [wreg+status,2+btemp+1]
   121  0796  3006               	movlw	6
   122  0797  1683               	bsf	3,5	;RP0=1, select bank1
   123  0798  1303               	bcf	3,6	;RP1=0, select bank1
   124  0799  009F               	movwf	31	;volatile
   125                           
   126                           ;Lastre_Toral_LE1.c: 21: CMCON = 0x07;
   127  079A  3007               	movlw	7
   128  079B  009C               	movwf	28	;volatile
   129                           
   130                           ;Lastre_Toral_LE1.c: 22: TRISA = 0x01;
   131  079C  3001               	movlw	1
   132  079D  0085               	movwf	5	;volatile
   133                           
   134                           ;Lastre_Toral_LE1.c: 23: TRISB = 0x00;
   135  079E  0186               	clrf	6	;volatile
   136                           
   137                           ;Lastre_Toral_LE1.c: 24: PORTB = 0x00;
   138  079F  1283               	bcf	3,5	;RP0=0, select bank0
   139  07A0  1303               	bcf	3,6	;RP1=0, select bank0
   140  07A1  0186               	clrf	6	;volatile
   141  07A2                     l490:	
   142                           ;Lastre_Toral_LE1.c: 27: while(1)
   143                           
   144                           
   145                           ;Lastre_Toral_LE1.c: 28: {
   146                           ;Lastre_Toral_LE1.c: 29: if(RA0 == 1)
   147  07A2  1283               	bcf	3,5	;RP0=0, select bank0
   148  07A3  1303               	bcf	3,6	;RP1=0, select bank0
   149  07A4  1C05               	btfss	5,0	;volatile
   150  07A5  2FA2               	goto	l490
   151                           
   152                           ;Lastre_Toral_LE1.c: 30: {
   153                           ;Lastre_Toral_LE1.c: 31: for(int i = 0 ; i < 3; i++)
   154  07A6  01F0               	clrf	main@i
   155  07A7  01F1               	clrf	main@i+1
   156  07A8                     L1:	
   157  07A8  0871               	movf	main@i+1,w
   158  07A9  3A80               	xorlw	128
   159  07AA  00FF               	movwf	127
   160  07AB  3080               	movlw	128
   161  07AC  027F               	subwf	127,w
   162  07AD  1D03               	skipz
   163  07AE  2FB1               	goto	u25
   164  07AF  3003               	movlw	3
   165  07B0  0270               	subwf	main@i,w
   166  07B1                     u25:	
   167  07B1  1803               	btfsc	3,0
   168  07B2  2FA2               	goto	l490
   169                           
   170                           ;Lastre_Toral_LE1.c: 32: {
   171                           ;Lastre_Toral_LE1.c: 33: for(cnt=0;cnt<10000;cnt++);
   172  07B3  01F2               	clrf	main@cnt
   173  07B4  01F3               	clrf	main@cnt+1
   174  07B5  0873               	movf	main@cnt+1,w
   175  07B6  3A80               	xorlw	128
   176  07B7  00FF               	movwf	127
   177  07B8  30A7               	movlw	167
   178  07B9  027F               	subwf	127,w
   179  07BA  1D03               	skipz
   180  07BB  2FBE               	goto	u35
   181  07BC  3010               	movlw	16
   182  07BD  0272               	subwf	main@cnt,w
   183  07BE                     u35:	
   184  07BE  1803               	btfsc	3,0
   185  07BF  2FD1               	goto	l22
   186  07C0                     l504:	
   187  07C0  3001               	movlw	1
   188  07C1  07F2               	addwf	main@cnt,f
   189  07C2  1803               	skipnc
   190  07C3  0AF3               	incf	main@cnt+1,f
   191  07C4  3000               	movlw	0
   192  07C5  07F3               	addwf	main@cnt+1,f
   193  07C6  0873               	movf	main@cnt+1,w
   194  07C7  3A80               	xorlw	128
   195  07C8  00FF               	movwf	127
   196  07C9  30A7               	movlw	167
   197  07CA  027F               	subwf	127,w
   198  07CB  1D03               	skipz
   199  07CC  2FCF               	goto	u45
   200  07CD  3010               	movlw	16
   201  07CE  0272               	subwf	main@cnt,w
   202  07CF                     u45:	
   203  07CF  1C03               	skipc
   204  07D0  2FC0               	goto	l504
   205  07D1                     l22:	
   206                           
   207                           ;Lastre_Toral_LE1.c: 34: RB0 = 0x01;
   208  07D1  1283               	bcf	3,5	;RP0=0, select bank0
   209  07D2  1303               	bcf	3,6	;RP1=0, select bank0
   210  07D3  1406               	bsf	6,0	;volatile
   211                           
   212                           ;Lastre_Toral_LE1.c: 35: for(cnt=0;cnt<10000;cnt++);
   213  07D4  01F2               	clrf	main@cnt
   214  07D5  01F3               	clrf	main@cnt+1
   215  07D6  0873               	movf	main@cnt+1,w
   216  07D7  3A80               	xorlw	128
   217  07D8  00FF               	movwf	127
   218  07D9  30A7               	movlw	167
   219  07DA  027F               	subwf	127,w
   220  07DB  1D03               	skipz
   221  07DC  2FDF               	goto	u55
   222  07DD  3010               	movlw	16
   223  07DE  0272               	subwf	main@cnt,w
   224  07DF                     u55:	
   225  07DF  1803               	btfsc	3,0
   226  07E0  2FF2               	goto	l24
   227  07E1                     l514:	
   228  07E1  3001               	movlw	1
   229  07E2  07F2               	addwf	main@cnt,f
   230  07E3  1803               	skipnc
   231  07E4  0AF3               	incf	main@cnt+1,f
   232  07E5  3000               	movlw	0
   233  07E6  07F3               	addwf	main@cnt+1,f
   234  07E7  0873               	movf	main@cnt+1,w
   235  07E8  3A80               	xorlw	128
   236  07E9  00FF               	movwf	127
   237  07EA  30A7               	movlw	167
   238  07EB  027F               	subwf	127,w
   239  07EC  1D03               	skipz
   240  07ED  2FF0               	goto	u65
   241  07EE  3010               	movlw	16
   242  07EF  0272               	subwf	main@cnt,w
   243  07F0                     u65:	
   244  07F0  1C03               	skipc
   245  07F1  2FE1               	goto	l514
   246  07F2                     l24:	
   247                           
   248                           ;Lastre_Toral_LE1.c: 36: RB0 = 0x00;
   249  07F2  1283               	bcf	3,5	;RP0=0, select bank0
   250  07F3  1303               	bcf	3,6	;RP1=0, select bank0
   251  07F4  1006               	bcf	6,0	;volatile
   252  07F5  3001               	movlw	1
   253  07F6  07F0               	addwf	main@i,f
   254  07F7  1803               	skipnc
   255  07F8  0AF1               	incf	main@i+1,f
   256  07F9  3000               	movlw	0
   257  07FA  07F1               	addwf	main@i+1,f
   258  07FB  2FA8               	goto	L1
   259  07FC                     __end_of_main:	
   260  007E                     btemp	set	126	;btemp
   261  007E                     wtemp	set	126
   262  007E                     wtemp0	set	126
   263  0080                     wtemp1	set	128
   264  0082                     wtemp2	set	130
   265  0084                     wtemp3	set	132
   266  0086                     wtemp4	set	134
   267  0088                     wtemp5	set	136
   268  007F                     wtemp6	set	127
   269  007E                     ttemp	set	126
   270  007E                     ttemp0	set	126
   271  0081                     ttemp1	set	129
   272  0084                     ttemp2	set	132
   273  0087                     ttemp3	set	135
   274  007F                     ttemp4	set	127
   275  007E                     ltemp	set	126
   276  007E                     ltemp0	set	126
   277  0082                     ltemp1	set	130
   278  0086                     ltemp2	set	134
   279  0080                     ltemp3	set	128
   280                           
   281                           	psect	cinit
   282  07FC                     start_initialization:	
   283  07FC                     __initialization:	
   284  07FC                     end_of_initialization:	
   285                           ;End of C runtime variable initialization code
   286                           
   287  07FC                     __end_of__initialization:	
   288  07FC  0183               	clrf	3
   289  07FD  120A  118A  2F96   	ljmp	_main	;jump to C main() function
   290                           
   291                           	psect	cstackCOMMON
   292  0070                     __pcstackCOMMON:	
   293  0070                     ?_main:	
   294  0070                     ??_main:	
   295                           ; 0 bytes @ 0x0
   296                           
   297  0070                     main@i:	
   298                           ; 0 bytes @ 0x0
   299                           
   300                           
   301                           ; 2 bytes @ 0x0
   302  0070                     	ds	2
   303  0072                     main@cnt:	
   304                           
   305                           ; 2 bytes @ 0x2
   306  0072                     	ds	2


Data Sizes:
    Strings     0
    Constant    0
    Data        0
    BSS         0
    Persistent  0
    Stack       0

Auto Spaces:
    Space          Size  Autos    Used
    COMMON           14      4       4
    BANK0            80      0       0
    BANK1            80      0       0
    BANK3            96      0       0
    BANK2            96      0       0

Pointer List with Targets:

    None.

Critical Paths under _main in COMMON

    None.

Critical Paths under _main in BANK0

    None.

Critical Paths under _main in BANK1

    None.

Critical Paths under _main in BANK3

    None.

Critical Paths under _main in BANK2

    None.

Call Graph Tables:

 ---------------------------------------------------------------------------------
 (Depth) Function   	        Calls       Base Space   Used Autos Params    Refs
 ---------------------------------------------------------------------------------
 (0) _main                                                 4     4      0      90
                                              0 COMMON     4     4      0
 ---------------------------------------------------------------------------------
 Estimated maximum stack depth 0
 ---------------------------------------------------------------------------------

 Call Graph Graphs:

 _main (ROOT)

 Address spaces:
Name               Size   Autos  Total    Cost      Usage
BITCOMMON            E      0       0       0        0.0%
EEDATA             100      0       0       0        0.0%
NULL                 0      0       0       0        0.0%
CODE                 0      0       0       0        0.0%
COMMON               E      4       4       1       28.6%
BITSFR0              0      0       0       1        0.0%
SFR0                 0      0       0       1        0.0%
BITSFR1              0      0       0       2        0.0%
SFR1                 0      0       0       2        0.0%
STACK                0      0       0       2        0.0%
ABS                  0      0       0       3        0.0%
BITBANK0            50      0       0       4        0.0%
BITSFR3              0      0       0       4        0.0%
SFR3                 0      0       0       4        0.0%
BANK0               50      0       0       5        0.0%
BITSFR2              0      0       0       5        0.0%
SFR2                 0      0       0       5        0.0%
BITBANK1            50      0       0       6        0.0%
BANK1               50      0       0       7        0.0%
BITBANK3            60      0       0       8        0.0%
BANK3               60      0       0       9        0.0%
BITBANK2            60      0       0      10        0.0%
BANK2               60      0       0      11        0.0%
DATA                 0      0       0      12        0.0%


Microchip Technology PIC Macro Assembler V1.33 build 59893 
Symbol Table                                                                                   Thu Feb 09 11:58:08 2023

            __CFG_CP$OFF 0000                       l22 07D1                       l24 07F2  
                     u25 07B1                       u35 07BE                       u45 07CF  
                     u55 07DF                       u65 07F0                      l504 07C0  
                    l514 07E1                      l490 07A2                      _RA0 0028  
                    _RB0 0030             __CFG_CPD$OFF 0000             __CFG_FOSC$XT 0000  
           __CFG_LVP$OFF 0000             __CFG_WRT$OFF 0000                     _main 0796  
                   btemp 007E            __CFG_BOREN$ON 0000                     ltemp 007E  
                   start 0000                     ttemp 007E                     wtemp 007E  
                  ?_main 0070            __CFG_WDTE$OFF 0000                    _CMCON 009C  
                  _PORTB 0006                    _TRISA 0085                    _TRISB 0086  
          __CFG_PWRTE$ON 0000                    main@i 0070                    ltemp0 007E  
                  ltemp1 0082                    ltemp2 0086                    ltemp3 0080  
                  ttemp0 007E                    ttemp1 0081                    ttemp2 0084  
                  ttemp3 0087                    ttemp4 007F                    status 0003  
                  wtemp0 007E                    wtemp1 0080                    wtemp2 0082  
                  wtemp3 0084                    wtemp4 0086                    wtemp5 0088  
                  wtemp6 007F          __initialization 07FC             __end_of_main 07FC  
                 ??_main 0070                   _ADCON1 009F  __end_of__initialization 07FC  
         __pcstackCOMMON 0070               __pmaintext 0796                  main@cnt 0072  
   end_of_initialization 07FC      start_initialization 07FC                ___latbits 0002  
          __size_of_main 0066  
