

Microchip Technology PIC LITE Macro Assembler V1.33 build 59893 
                                                                                               Tue Feb 21 13:07:30 2023

Microchip Technology Omniscient Code Generator (Lite mode) build 59893
     1                           	processor	16F877A
     2                           	opt	pw 120
     3                           	opt	lm
     4                           	psect	text0,local,class=CODE,merge=1,delta=2
     5                           	psect	cinit,global,class=CODE,merge=1,delta=2
     6                           	psect	cstackCOMMON,global,class=COMMON,space=1,delta=1
     7                           	psect	cstackBANK0,global,class=BANK0,space=1,delta=1
     8                           	psect	maintext,global,class=CODE,split=1,delta=2
     9                           	psect	text1,local,class=CODE,merge=1,delta=2
    10                           	psect	intentry,global,class=CODE,delta=2
    11                           	dabs	1,0x7E,2
    12  0000                     	;# 
    13  0001                     	;# 
    14  0002                     	;# 
    15  0003                     	;# 
    16  0004                     	;# 
    17  0005                     	;# 
    18  0006                     	;# 
    19  0007                     	;# 
    20  0008                     	;# 
    21  0009                     	;# 
    22  000A                     	;# 
    23  000B                     	;# 
    24  000C                     	;# 
    25  000D                     	;# 
    26  000E                     	;# 
    27  000E                     	;# 
    28  000F                     	;# 
    29  0010                     	;# 
    30  0011                     	;# 
    31  0012                     	;# 
    32  0013                     	;# 
    33  0014                     	;# 
    34  0015                     	;# 
    35  0015                     	;# 
    36  0016                     	;# 
    37  0017                     	;# 
    38  0018                     	;# 
    39  0019                     	;# 
    40  001A                     	;# 
    41  001B                     	;# 
    42  001B                     	;# 
    43  001C                     	;# 
    44  001D                     	;# 
    45  001E                     	;# 
    46  001F                     	;# 
    47  0081                     	;# 
    48  0085                     	;# 
    49  0086                     	;# 
    50  0087                     	;# 
    51  0088                     	;# 
    52  0089                     	;# 
    53  008C                     	;# 
    54  008D                     	;# 
    55  008E                     	;# 
    56  0091                     	;# 
    57  0092                     	;# 
    58  0093                     	;# 
    59  0094                     	;# 
    60  0098                     	;# 
    61  0099                     	;# 
    62  009C                     	;# 
    63  009D                     	;# 
    64  009E                     	;# 
    65  009F                     	;# 
    66  010C                     	;# 
    67  010D                     	;# 
    68  010E                     	;# 
    69  010F                     	;# 
    70  018C                     	;# 
    71  018D                     	;# 
    72  0007                     _PORTC	set	7
    73  0008                     _PORTD	set	8
    74  005F                     _GIE	set	95
    75  005C                     _INTE	set	92
    76  0059                     _INTF	set	89
    77  0081                     _OPTION_REG	set	129
    78  0086                     _TRISB	set	134
    79  0087                     _TRISC	set	135
    80  0088                     _TRISD	set	136
    81                           
    82                           	psect	text0
    83  0000                     __ptext0:	
    84                           ; #config settings
    85                           
    86                           
    87                           ;psect for function _ISR
    88  0000                     
    89                           	psect	cinit
    90  0015                     start_initialization:	
    91  0015                     __initialization:	
    92  0015                     end_of_initialization:	
    93                           ;End of C runtime variable initialization code
    94                           
    95  0015                     __end_of__initialization:	
    96  0015  0183               	clrf	3
    97  0016  120A  118A  2872   	ljmp	_main	;jump to C main() function
    98                           
    99                           	psect	cstackCOMMON
   100  0070                     __pcstackCOMMON:	
   101  0070                     ?_ISR:	
   102  0070                     ??_ISR:	
   103                           ; 0 bytes @ 0x0
   104                           
   105  0070                     ?_main:	
   106                           ; 0 bytes @ 0x0
   107                           
   108                           
   109                           ; 0 bytes @ 0x0
   110  0070                     	ds	6
   111  0076                     ISR@read:	
   112                           
   113                           ; 2 bytes @ 0x6
   114  0076                     	ds	2
   115                           
   116                           	psect	cstackBANK0
   117  0000                     __pcstackBANK0:	
   118  0000                     ??_main:	
   119                           
   120                           	psect	maintext
   121  0072                     __pmaintext:	
   122                           ; 0 bytes @ 0x0
   123 ;;
   124 ;;Main: autosize = 0, tempsize = 0, incstack = 0, save=0
   125 ;;
   126 ;; *************** function _main *****************
   127 ;; Defined at:
   128 ;;		line 85 in file "Z:\3201\LE3\LASTRE_TORAL_3-1.c"
   129 ;; Parameters:    Size  Location     Type
   130 ;;		None
   131 ;; Auto vars:     Size  Location     Type
   132 ;;		None
   133 ;; Return value:  Size  Location     Type
   134 ;;		None               void
   135 ;; Registers used:
   136 ;;		wreg, status,2
   137 ;; Tracked objects:
   138 ;;		On entry : 17F/0
   139 ;;		On exit  : 0/0
   140 ;;		Unchanged: 0/0
   141 ;; Data sizes:     COMMON   BANK0   BANK1   BANK3   BANK2
   142 ;;      Params:         0       0       0       0       0
   143 ;;      Locals:         0       0       0       0       0
   144 ;;      Temps:          0       0       0       0       0
   145 ;;      Totals:         0       0       0       0       0
   146 ;;Total ram usage:        0 bytes
   147 ;; Hardware stack levels required when called:    1
   148 ;; This function calls:
   149 ;;		Nothing
   150 ;; This function is called by:
   151 ;;		Startup code after reset
   152 ;; This function uses a non-reentrant model
   153 ;;
   154                           
   155                           
   156                           ;psect for function _main
   157  0072                     _main:	
   158                           
   159                           ;LASTRE_TORAL_3-1.c: 87: GIE = 1;
   160                           
   161                           ;incstack = 0
   162                           ; Regs used in _main: [wreg+status,2]
   163  0072  178B               	bsf	11,7	;volatile
   164                           
   165                           ;LASTRE_TORAL_3-1.c: 88: INTE = 1;
   166  0073  160B               	bsf	11,4	;volatile
   167                           
   168                           ;LASTRE_TORAL_3-1.c: 89: INTF = 0;
   169  0074  108B               	bcf	11,1	;volatile
   170                           
   171                           ;LASTRE_TORAL_3-1.c: 90: OPTION_REG = 0x43;
   172  0075  3043               	movlw	67
   173  0076  1683               	bsf	3,5	;RP0=1, select bank1
   174  0077  1303               	bcf	3,6	;RP1=0, select bank1
   175  0078  0081               	movwf	1	;volatile
   176                           
   177                           ;LASTRE_TORAL_3-1.c: 94: TRISB = 0x01;
   178  0079  3001               	movlw	1
   179  007A  0086               	movwf	6	;volatile
   180                           
   181                           ;LASTRE_TORAL_3-1.c: 95: TRISC = 0x00;
   182  007B  0187               	clrf	7	;volatile
   183                           
   184                           ;LASTRE_TORAL_3-1.c: 96: TRISD= 0xFF;
   185  007C  30FF               	movlw	255
   186  007D  0088               	movwf	8	;volatile
   187                           
   188                           ;LASTRE_TORAL_3-1.c: 97: PORTC = 0x05;
   189  007E  3005               	movlw	5
   190  007F  1283               	bcf	3,5	;RP0=0, select bank0
   191  0080  1303               	bcf	3,6	;RP1=0, select bank0
   192  0081  0087               	movwf	7	;volatile
   193  0082                     l39:	
   194                           ;LASTRE_TORAL_3-1.c: 100: while (1)
   195                           
   196                           
   197                           ;LASTRE_TORAL_3-1.c: 101: {
   198  0082  2882               	goto	l39
   199  0083                     __end_of_main:	
   200                           
   201                           	psect	text1
   202  0019                     __ptext1:	
   203 ;; *************** function _ISR *****************
   204 ;; Defined at:
   205 ;;		line 25 in file "Z:\3201\LE3\LASTRE_TORAL_3-1.c"
   206 ;; Parameters:    Size  Location     Type
   207 ;;		None
   208 ;; Auto vars:     Size  Location     Type
   209 ;;  read            2    6[COMMON] int 
   210 ;; Return value:  Size  Location     Type
   211 ;;		None               void
   212 ;; Registers used:
   213 ;;		wreg, fsr0l, fsr0h, status,2, status,0
   214 ;; Tracked objects:
   215 ;;		On entry : 0/0
   216 ;;		On exit  : 0/0
   217 ;;		Unchanged: 0/0
   218 ;; Data sizes:     COMMON   BANK0   BANK1   BANK3   BANK2
   219 ;;      Params:         0       0       0       0       0
   220 ;;      Locals:         2       0       0       0       0
   221 ;;      Temps:          6       0       0       0       0
   222 ;;      Totals:         8       0       0       0       0
   223 ;;Total ram usage:        8 bytes
   224 ;; Hardware stack levels used:    1
   225 ;; This function calls:
   226 ;;		Nothing
   227 ;; This function is called by:
   228 ;;		Interrupt level 1
   229 ;; This function uses a non-reentrant model
   230 ;;
   231                           
   232                           
   233                           ;psect for function _ISR
   234  0019                     _ISR:	
   235                           
   236                           ;LASTRE_TORAL_3-1.c: 27: GIE = 0;
   237  0019  138B               	bcf	11,7	;volatile
   238                           
   239                           ;LASTRE_TORAL_3-1.c: 28: if (INTF)
   240  001A  1C8B               	btfss	11,1	;volatile
   241  001B  2866               	goto	i1l21
   242                           
   243                           ;LASTRE_TORAL_3-1.c: 29: {
   244                           ;LASTRE_TORAL_3-1.c: 32: int read;
   245                           ;LASTRE_TORAL_3-1.c: 33: read = PORTD & 0x0F;
   246  001C  0808               	movf	8,w	;volatile
   247  001D  390F               	andlw	15
   248  001E  00F0               	movwf	??_ISR
   249  001F  01F1               	clrf	??_ISR+1
   250  0020  0870               	movf	??_ISR,w
   251  0021  00F6               	movwf	ISR@read
   252  0022  0871               	movf	??_ISR+1,w
   253  0023  00F7               	movwf	ISR@read+1
   254                           
   255                           ;LASTRE_TORAL_3-1.c: 35: switch(read)
   256  0024  283A               	goto	i1l529
   257  0025                     i1l503:	
   258                           ;LASTRE_TORAL_3-1.c: 36: {
   259                           ;LASTRE_TORAL_3-1.c: 37: case 0x00:
   260                           
   261                           
   262                           ;LASTRE_TORAL_3-1.c: 38: PORTC=0x01;
   263  0025  3001               	movlw	1
   264  0026  2836               	goto	L8
   265  0027                     i1l505:	
   266                           ;LASTRE_TORAL_3-1.c: 40: case 0x01:
   267                           
   268                           ;LASTRE_TORAL_3-1.c: 39: break;
   269                           
   270                           
   271                           ;LASTRE_TORAL_3-1.c: 41: PORTC=0x02;
   272  0027  3002               	movlw	2
   273  0028  2836               	goto	L8
   274  0029                     i1l507:	
   275                           ;LASTRE_TORAL_3-1.c: 43: case 0x02:
   276                           
   277                           ;LASTRE_TORAL_3-1.c: 42: break;
   278                           
   279                           
   280                           ;LASTRE_TORAL_3-1.c: 44: PORTC=0x03;
   281  0029  3003               	movlw	3
   282  002A  2836               	goto	L8
   283  002B                     i1l509:	
   284                           ;LASTRE_TORAL_3-1.c: 46: case 0x04:
   285                           
   286                           ;LASTRE_TORAL_3-1.c: 45: break;
   287                           
   288                           
   289                           ;LASTRE_TORAL_3-1.c: 47: PORTC=0x04;
   290  002B  3004               	movlw	4
   291  002C  2836               	goto	L8
   292  002D                     i1l511:	
   293                           ;LASTRE_TORAL_3-1.c: 49: case 0x05:
   294                           
   295                           ;LASTRE_TORAL_3-1.c: 48: break;
   296                           
   297                           
   298                           ;LASTRE_TORAL_3-1.c: 50: PORTC=0x05;
   299  002D  3005               	movlw	5
   300  002E  2836               	goto	L8
   301  002F                     i1l513:	
   302                           ;LASTRE_TORAL_3-1.c: 52: case 0x06:
   303                           
   304                           ;LASTRE_TORAL_3-1.c: 51: break;
   305                           
   306                           
   307                           ;LASTRE_TORAL_3-1.c: 53: PORTC=0x06;
   308  002F  3006               	movlw	6
   309  0030  2836               	goto	L8
   310  0031                     i1l515:	
   311                           ;LASTRE_TORAL_3-1.c: 55: case 0x08:
   312                           
   313                           ;LASTRE_TORAL_3-1.c: 54: break;
   314                           
   315                           
   316                           ;LASTRE_TORAL_3-1.c: 56: PORTC=0x07;
   317  0031  3007               	movlw	7
   318  0032  2836               	goto	L8
   319  0033                     i1l517:	
   320                           ;LASTRE_TORAL_3-1.c: 58: case 0x09:
   321                           
   322                           ;LASTRE_TORAL_3-1.c: 57: break;
   323                           
   324                           
   325                           ;LASTRE_TORAL_3-1.c: 59: PORTC=0x08;
   326  0033  3008               	movlw	8
   327  0034  2836               	goto	L8
   328  0035                     i1l519:	
   329                           ;LASTRE_TORAL_3-1.c: 61: case 0x0A:
   330                           
   331                           ;LASTRE_TORAL_3-1.c: 60: break;
   332                           
   333                           
   334                           ;LASTRE_TORAL_3-1.c: 62: PORTC=0x09;
   335  0035  3009               	movlw	9
   336  0036                     L8:	
   337  0036  0087               	movwf	7	;volatile
   338                           
   339                           ;LASTRE_TORAL_3-1.c: 63: break;
   340  0037  2865               	goto	i1l24
   341  0038                     i1l521:	
   342                           ;LASTRE_TORAL_3-1.c: 64: case 0x0C:
   343                           
   344  0038                     i1l523:	
   345                           ;LASTRE_TORAL_3-1.c: 67: case 0x0D:
   346                           
   347                           ;LASTRE_TORAL_3-1.c: 66: break;
   348                           
   349                           ;LASTRE_TORAL_3-1.c: 65: PORTC=0x00;
   350                           
   351  0038                     i1l525:	
   352                           ;LASTRE_TORAL_3-1.c: 70: case 0x0E:
   353                           
   354                           ;LASTRE_TORAL_3-1.c: 69: break;
   355                           
   356                           ;LASTRE_TORAL_3-1.c: 68: PORTC=0x00;
   357                           
   358                           
   359                           ;LASTRE_TORAL_3-1.c: 71: PORTC=0x00;
   360  0038  0187               	clrf	7	;volatile
   361                           
   362                           ;LASTRE_TORAL_3-1.c: 73: }
   363                           
   364                           ;LASTRE_TORAL_3-1.c: 72: break;
   365  0039  2865               	goto	i1l24
   366  003A                     i1l529:	
   367                           
   368                           ; Switch on 2 bytes has been partitioned into a top level switch of size 1, and 1 sub-sw
      +                          itches
   369                           ; Switch size 1, requested type "space"
   370                           ; Number of cases is 1, Range of values is 0 to 0
   371                           ; switch strategies available:
   372                           ; Name         Instructions Cycles
   373                           ; simple_byte            4     3 (average)
   374                           ; direct_byte           11     8 (fixed)
   375                           ; jumptable            260     6 (fixed)
   376                           ;	Chosen strategy is simple_byte
   377  003A  0877               	movf	ISR@read+1,w
   378  003B  3A00               	xorlw	0	; case 0
   379  003C  1903               	skipnz
   380  003D  283F               	goto	i1l617
   381  003E  2865               	goto	i1l24
   382  003F                     i1l617:	
   383                           
   384                           ; Switch size 1, requested type "space"
   385                           ; Number of cases is 12, Range of values is 0 to 14
   386                           ; switch strategies available:
   387                           ; Name         Instructions Cycles
   388                           ; simple_byte           37    19 (average)
   389                           ; direct_byte           53     8 (fixed)
   390                           ; jumptable            260     6 (fixed)
   391                           ;	Chosen strategy is simple_byte
   392  003F  0876               	movf	ISR@read,w
   393  0040  3A00               	xorlw	0	; case 0
   394  0041  1903               	skipnz
   395  0042  2825               	goto	i1l503
   396  0043  3A01               	xorlw	1	; case 1
   397  0044  1903               	skipnz
   398  0045  2827               	goto	i1l505
   399  0046  3A03               	xorlw	3	; case 2
   400  0047  1903               	skipnz
   401  0048  2829               	goto	i1l507
   402  0049  3A06               	xorlw	6	; case 4
   403  004A  1903               	skipnz
   404  004B  282B               	goto	i1l509
   405  004C  3A01               	xorlw	1	; case 5
   406  004D  1903               	skipnz
   407  004E  282D               	goto	i1l511
   408  004F  3A03               	xorlw	3	; case 6
   409  0050  1903               	skipnz
   410  0051  282F               	goto	i1l513
   411  0052  3A0E               	xorlw	14	; case 8
   412  0053  1903               	skipnz
   413  0054  2831               	goto	i1l515
   414  0055  3A01               	xorlw	1	; case 9
   415  0056  1903               	skipnz
   416  0057  2833               	goto	i1l517
   417  0058  3A03               	xorlw	3	; case 10
   418  0059  1903               	skipnz
   419  005A  2835               	goto	i1l519
   420  005B  3A06               	xorlw	6	; case 12
   421  005C  1903               	skipnz
   422  005D  2838               	goto	i1l521
   423  005E  3A01               	xorlw	1	; case 13
   424  005F  1903               	skipnz
   425  0060  2838               	goto	i1l523
   426  0061  3A03               	xorlw	3	; case 14
   427  0062  1903               	skipnz
   428  0063  2838               	goto	i1l525
   429  0064  2865               	goto	i1l24
   430  0065                     i1l24:	
   431                           
   432                           ;LASTRE_TORAL_3-1.c: 75: INTF = 0;
   433  0065  108B               	bcf	11,1	;volatile
   434  0066                     i1l21:	
   435                           
   436                           ;LASTRE_TORAL_3-1.c: 78: }
   437                           ;LASTRE_TORAL_3-1.c: 80: GIE = 1;
   438  0066  178B               	bsf	11,7	;volatile
   439  0067  0875               	movf	??_ISR+5,w
   440  0068  00FF               	movwf	127
   441  0069  0874               	movf	??_ISR+4,w
   442  006A  008A               	movwf	10
   443  006B  0873               	movf	??_ISR+3,w
   444  006C  0084               	movwf	4
   445  006D  0E72               	swapf	(??_ISR+2)^(0+-128),w
   446  006E  0083               	movwf	3
   447  006F  0EFE               	swapf	126,f
   448  0070  0E7E               	swapf	126,w
   449  0071  0009               	retfie
   450  0072                     __end_of_ISR:	
   451  007E                     btemp	set	126	;btemp
   452  007E                     wtemp	set	126
   453  007E                     wtemp0	set	126
   454  0080                     wtemp1	set	128
   455  0082                     wtemp2	set	130
   456  0084                     wtemp3	set	132
   457  0086                     wtemp4	set	134
   458  0088                     wtemp5	set	136
   459  007F                     wtemp6	set	127
   460  007E                     ttemp	set	126
   461  007E                     ttemp0	set	126
   462  0081                     ttemp1	set	129
   463  0084                     ttemp2	set	132
   464  0087                     ttemp3	set	135
   465  007F                     ttemp4	set	127
   466  007E                     ltemp	set	126
   467  007E                     ltemp0	set	126
   468  0082                     ltemp1	set	130
   469  0086                     ltemp2	set	134
   470  0080                     ltemp3	set	128
   471                           
   472                           	psect	intentry
   473  0004                     __pintentry:	
   474                           ;incstack = 0
   475                           ; Regs used in _ISR: [wreg-fsr0h+status,2+status,0]
   476                           
   477  0004                     interrupt_function:	
   478  007E                     saved_w	set	btemp
   479  0004  00FE               	movwf	btemp
   480  0005  0E03               	swapf	3,w
   481  0006  00F2               	movwf	??_ISR+2
   482  0007  0804               	movf	4,w
   483  0008  00F3               	movwf	??_ISR+3
   484  0009  080A               	movf	10,w
   485  000A  00F4               	movwf	??_ISR+4
   486  000B  1283               	bcf	3,5	;RP0=0, select bank0
   487  000C  1303               	bcf	3,6	;RP1=0, select bank0
   488  000D  087F               	movf	btemp+1,w
   489  000E  00F5               	movwf	??_ISR+5
   490  000F  120A  118A  2819   	ljmp	_ISR


Data Sizes:
    Strings     0
    Constant    0
    Data        0
    BSS         0
    Persistent  0
    Stack       0

Auto Spaces:
    Space          Size  Autos    Used
    COMMON           14      8       8
    BANK0            80      0       0
    BANK1            80      0       0
    BANK3            96      0       0
    BANK2            96      0       0

Pointer List with Targets:

    None.

Critical Paths under _main in COMMON

    None.

Critical Paths under _ISR in COMMON

    None.

Critical Paths under _main in BANK0

    None.

Critical Paths under _ISR in BANK0

    None.

Critical Paths under _main in BANK1

    None.

Critical Paths under _ISR in BANK1

    None.

Critical Paths under _main in BANK3

    None.

Critical Paths under _ISR in BANK3

    None.

Critical Paths under _main in BANK2

    None.

Critical Paths under _ISR in BANK2

    None.

Call Graph Tables:

 ---------------------------------------------------------------------------------
 (Depth) Function   	        Calls       Base Space   Used Autos Params    Refs
 ---------------------------------------------------------------------------------
 (0) _main                                                 0     0      0       0
 ---------------------------------------------------------------------------------
 Estimated maximum stack depth 0
 ---------------------------------------------------------------------------------
 (Depth) Function   	        Calls       Base Space   Used Autos Params    Refs
 ---------------------------------------------------------------------------------
 (1) _ISR                                                  8     8      0      15
                                              0 COMMON     8     8      0
 ---------------------------------------------------------------------------------
 Estimated maximum stack depth 1
 ---------------------------------------------------------------------------------

 Call Graph Graphs:

 _main (ROOT)

 _ISR (ROOT)

 Address spaces:
Name               Size   Autos  Total    Cost      Usage
BITCOMMON            E      0       0       0        0.0%
EEDATA             100      0       0       0        0.0%
NULL                 0      0       0       0        0.0%
CODE                 0      0       0       0        0.0%
COMMON               E      8       8       1       57.1%
BITSFR0              0      0       0       1        0.0%
SFR0                 0      0       0       1        0.0%
BITSFR1              0      0       0       2        0.0%
SFR1                 0      0       0       2        0.0%
STACK                0      0       0       2        0.0%
ABS                  0      0       0       3        0.0%
BITBANK0            50      0       0       4        0.0%
BITSFR3              0      0       0       4        0.0%
SFR3                 0      0       0       4        0.0%
BANK0               50      0       0       5        0.0%
BITSFR2              0      0       0       5        0.0%
SFR2                 0      0       0       5        0.0%
BITBANK1            50      0       0       6        0.0%
BANK1               50      0       0       7        0.0%
BITBANK3            60      0       0       8        0.0%
BANK3               60      0       0       9        0.0%
BITBANK2            60      0       0      10        0.0%
BANK2               60      0       0      11        0.0%
DATA                 0      0       0      12        0.0%


Microchip Technology PIC Macro Assembler V1.33 build 59893 
Symbol Table                                                                                   Tue Feb 21 13:07:30 2023

            __CFG_CP$OFF 0000                       l39 0082                      _GIE 005F  
           __CFG_CPD$OFF 0000                      _ISR 0019                      fsr0 0004  
           __CFG_FOSC$XT 0000             __CFG_LVP$OFF 0000                     ?_ISR 0070  
                   i1l21 0066                     _INTE 005C                     _INTF 0059  
                   i1l24 0065             __CFG_WRT$OFF 0000                     _main 0072  
                   btemp 007E            __CFG_BOREN$ON 0000                     ltemp 007E  
                   start 0012                     ttemp 007E                     wtemp 007E  
                  ??_ISR 0070                    ?_main 0070            __CFG_WDTE$OFF 0000  
                  i1l511 002D                    i1l503 0025                    i1l521 0038  
                  i1l513 002F                    i1l505 0027                    i1l523 0038  
                  i1l515 0031                    i1l507 0029                    i1l525 0038  
                  i1l517 0033                    i1l509 002B                    i1l519 0035  
                  i1l617 003F                    i1l529 003A                    _PORTC 0007  
                  _PORTD 0008                    _TRISB 0086                    _TRISC 0087  
                  _TRISD 0088            __CFG_PWRTE$ON 0000                    pclath 000A  
                  ltemp0 007E                    ltemp1 0082                    ltemp2 0086  
                  ltemp3 0080                    ttemp0 007E                    ttemp1 0081  
                  ttemp2 0084                    ttemp3 0087                    ttemp4 007F  
                  status 0003                    wtemp0 007E                    wtemp1 0080  
                  wtemp2 0082                    wtemp3 0084                    wtemp4 0086  
                  wtemp5 0088                    wtemp6 007F          __initialization 0015  
           __end_of_main 0083                   ??_main 0000                   saved_w 007E  
__end_of__initialization 0015           __pcstackCOMMON 0070                  ISR@read 0076  
             __pmaintext 0072               __pintentry 0004                  __ptext0 0000  
                __ptext1 0019             __size_of_ISR 0059     end_of_initialization 0015  
    start_initialization 0015              __end_of_ISR 0072                ___latbits 0002  
          __pcstackBANK0 0000        interrupt_function 0004            __size_of_main 0011  
               intlevel1 0000               _OPTION_REG 0081  
